<?xml version="1.0" encoding="UTF-8"?>
<!-- Generated by org.testng.reporters.JUnitReportReporter -->
<testsuite hostname="LAPTOP-A6CI2N8U" failures="0" tests="4" name="TestCases1.GoogleHomePageTest" time="6.703" errors="0" timestamp="2020-12-18T13:34:01 IST" skipped="0">
  <testcase classname="TestCases1.GoogleHomePageTest" name="validateGmail" time="0.273"/>
  <system-out/>
  <testcase classname="TestCases1.GoogleHomePageTest" name="validateTitle" time="0.018"/>
  <system-out/>
  <testcase classname="TestCases1.GoogleHomePageTest" name="validateUrl" time="0.014"/>
  <system-out/>
  <testcase classname="TestCases1.GoogleHomePageTest" name="gmailLinkclick" time="6.398"/>
  <system-out/>
</testsuite> <!-- TestCases1.GoogleHomePageTest -->
