<?xml version="1.0" encoding="UTF-8"?>
<!-- Generated by org.testng.reporters.JUnitReportReporter -->
<testsuite hostname="LAPTOP-A6CI2N8U" failures="0" tests="2" name="TestCases1.AboutGmailTestCase" time="0.268" errors="0" timestamp="2020-12-18T14:29:07 IST" skipped="0">
  <testcase classname="TestCases1.AboutGmailTestCase" name="validateGmailUrl" time="0.058"/>
  <system-out/>
  <testcase classname="TestCases1.AboutGmailTestCase" name="clickcreateaccount" time="0.210"/>
  <system-out/>
</testsuite> <!-- TestCases1.AboutGmailTestCase -->
